{
  service: 'email-microservice',
  version: '1.0.0',
  environment: 'development',
  host: 'smtp-relay.brevo.com',
  port: 587,
  secure: false,
  hasAuth: true,
  level: 'info',
  message: 'Email transporter initialized',
  timestamp: '2025-11-28 22:59:23.505'
}
{
  service: 'email-microservice',
  version: '1.0.0',
  environment: 'development',
  ttl: 3600000,
  cleanupInterval: 300000,
  implementation: 'in-memory',
  level: 'info',
  message: 'Idempotency store initialized',
  timestamp: '2025-11-28 22:59:23.559'
}
{
  message: 'Kafka consumer connected',
  level: 'info',
  service: 'email-microservice',
  version: '1.0.0',
  environment: 'development',
  timestamp: '2025-11-28 22:59:23.600'
}
{
  message: 'Kafka producer connected',
  level: 'info',
  service: 'email-microservice',
  version: '1.0.0',
  environment: 'development',
  timestamp: '2025-11-28 22:59:23.619'
}
{
  message: 'Kafka consumer started listening for messages',
  level: 'info',
  service: 'email-microservice',
  version: '1.0.0',
  environment: 'development',
  timestamp: '2025-11-28 22:59:48.713'
}
{
  message: 'Kafka consumer started successfully',
  level: 'info',
  service: 'email-microservice',
  version: '1.0.0',
  environment: 'development',
  timestamp: '2025-11-28 22:59:48.714'
}
{
  service: 'email-microservice',
  version: '1.0.0',
  environment: 'development',
  port: '3000',
  processId: 17600,
  level: 'info',
  message: 'Email microservice running on port 3000',
  timestamp: '2025-11-28 22:59:48.720'
}
{
  service: 'email-microservice',
  version: '1.0.0',
  environment: 'development',
  host: 'smtp-relay.brevo.com',
  port: 587,
  secure: false,
  hasAuth: true,
  level: 'info',
  message: 'Email transporter initialized',
  timestamp: '2025-11-28 23:03:02.928'
}
{
  service: 'email-microservice',
  version: '1.0.0',
  environment: 'development',
  ttl: 3600000,
  cleanupInterval: 300000,
  implementation: 'in-memory',
  level: 'info',
  message: 'Idempotency store initialized',
  timestamp: '2025-11-28 23:03:02.972'
}
{
  message: 'Kafka consumer connected',
  level: 'info',
  service: 'email-microservice',
  version: '1.0.0',
  environment: 'development',
  timestamp: '2025-11-28 23:03:03.011'
}
{
  message: 'Kafka producer connected',
  level: 'info',
  service: 'email-microservice',
  version: '1.0.0',
  environment: 'development',
  timestamp: '2025-11-28 23:03:03.026'
}
{
  service: 'email-microservice',
  version: '1.0.0',
  environment: 'development',
  host: 'smtp-relay.brevo.com',
  port: 587,
  secure: false,
  hasAuth: true,
  level: 'info',
  message: 'Email transporter initialized',
  timestamp: '2025-11-28 23:04:31.633'
}
{
  service: 'email-microservice',
  version: '1.0.0',
  environment: 'development',
  ttl: 3600000,
  cleanupInterval: 300000,
  implementation: 'in-memory',
  level: 'info',
  message: 'Idempotency store initialized',
  timestamp: '2025-11-28 23:04:31.685'
}
{
  message: 'Kafka consumer connected',
  level: 'info',
  service: 'email-microservice',
  version: '1.0.0',
  environment: 'development',
  timestamp: '2025-11-28 23:04:31.728'
}
{
  message: 'Kafka producer connected',
  level: 'info',
  service: 'email-microservice',
  version: '1.0.0',
  environment: 'development',
  timestamp: '2025-11-28 23:04:31.739'
}
{
  message: 'Kafka consumer started listening for messages',
  level: 'info',
  service: 'email-microservice',
  version: '1.0.0',
  environment: 'development',
  timestamp: '2025-11-28 23:04:34.764'
}
{
  message: 'Kafka consumer started successfully',
  level: 'info',
  service: 'email-microservice',
  version: '1.0.0',
  environment: 'development',
  timestamp: '2025-11-28 23:04:34.765'
}
{
  service: 'email-microservice',
  version: '1.0.0',
  environment: 'development',
  port: '3000',
  processId: 17180,
  level: 'info',
  message: 'Email microservice running on port 3000',
  timestamp: '2025-11-28 23:04:34.771'
}
{
  service: 'email-microservice',
  version: '1.0.0',
  environment: 'development',
  host: 'smtp-relay.brevo.com',
  port: 587,
  secure: false,
  hasAuth: true,
  level: 'info',
  message: 'Email transporter initialized',
  timestamp: '2025-11-28 23:14:23.308'
}
{
  service: 'email-microservice',
  version: '1.0.0',
  environment: 'development',
  ttl: 3600000,
  cleanupInterval: 300000,
  implementation: 'in-memory',
  level: 'info',
  message: 'Idempotency store initialized',
  timestamp: '2025-11-28 23:14:23.370'
}
{
  message: 'Kafka consumer connected',
  level: 'info',
  service: 'email-microservice',
  version: '1.0.0',
  environment: 'development',
  timestamp: '2025-11-28 23:14:23.410'
}
{
  message: 'Kafka producer connected',
  level: 'info',
  service: 'email-microservice',
  version: '1.0.0',
  environment: 'development',
  timestamp: '2025-11-28 23:14:23.429'
}
{
  message: 'Kafka consumer started listening for messages',
  level: 'info',
  service: 'email-microservice',
  version: '1.0.0',
  environment: 'development',
  timestamp: '2025-11-28 23:14:50.217'
}
{
  message: 'Kafka consumer started successfully',
  level: 'info',
  service: 'email-microservice',
  version: '1.0.0',
  environment: 'development',
  timestamp: '2025-11-28 23:14:50.218'
}
{
  service: 'email-microservice',
  version: '1.0.0',
  environment: 'development',
  port: '3000',
  processId: 820,
  level: 'info',
  message: 'Email microservice running on port 3000',
  timestamp: '2025-11-28 23:14:50.225'
}
{
  service: 'email-microservice',
  version: '1.0.0',
  environment: 'development',
  host: 'smtp-relay.brevo.com',
  port: 587,
  secure: false,
  hasAuth: true,
  level: 'info',
  message: 'Email transporter initialized',
  timestamp: '2025-11-29 20:53:55.501'
}
{
  service: 'email-microservice',
  version: '1.0.0',
  environment: 'development',
  ttl: 3600000,
  cleanupInterval: 300000,
  implementation: 'in-memory',
  level: 'info',
  message: 'Idempotency store initialized',
  timestamp: '2025-11-29 20:53:55.557'
}
{
  message: 'Kafka consumer connected',
  level: 'info',
  service: 'email-microservice',
  version: '1.0.0',
  environment: 'development',
  timestamp: '2025-11-29 20:53:55.606'
}
{
  message: 'Kafka producer connected',
  level: 'info',
  service: 'email-microservice',
  version: '1.0.0',
  environment: 'development',
  timestamp: '2025-11-29 20:53:55.618'
}
{
  service: 'email-microservice',
  version: '1.0.0',
  environment: 'development',
  error: 'This server does not host this topic-partition',
  stack: 'KafkaJSProtocolError: This server does not host this topic-partition\n' +
    '    at createErrorFromCode (C:\\Users\\kisho\\WorkSpace\\Backend\\email-microservice\\node_modules\\kafkajs\\src\\protocol\\error.js:581:10)\n' +
    '    at Object.parse (C:\\Users\\kisho\\WorkSpace\\Backend\\email-microservice\\node_modules\\kafkajs\\src\\protocol\\requests\\metadata\\v0\\response.js:55:11)\n' +
    '    at Connection.send (C:\\Users\\kisho\\WorkSpace\\Backend\\email-microservice\\node_modules\\kafkajs\\src\\network\\connection.js:433:35)\n' +
    '    at process.processTicksAndRejections (node:internal/process/task_queues:105:5)\n' +
    '    at async [private:Broker:sendRequest] (C:\\Users\\kisho\\WorkSpace\\Backend\\email-microservice\\node_modules\\kafkajs\\src\\broker\\index.js:904:14)\n' +
    '    at async Broker.metadata (C:\\Users\\kisho\\WorkSpace\\Backend\\email-microservice\\node_modules\\kafkajs\\src\\broker\\index.js:177:12)\n' +
    '    at async C:\\Users\\kisho\\WorkSpace\\Backend\\email-microservice\\node_modules\\kafkajs\\src\\cluster\\brokerPool.js:158:25\n' +
    '    at async C:\\Users\\kisho\\WorkSpace\\Backend\\email-microservice\\node_modules\\kafkajs\\src\\cluster\\index.js:111:14\n' +
    '    at async Cluster.refreshMetadata (C:\\Users\\kisho\\WorkSpace\\Backend\\email-microservice\\node_modules\\kafkajs\\src\\cluster\\index.js:172:5)\n' +
    '    at async Cluster.addMultipleTargetTopics (C:\\Users\\kisho\\WorkSpace\\Backend\\email-microservice\\node_modules\\kafkajs\\src\\cluster\\index.js:230:11)',
  level: 'error',
  message: 'Failed to start Kafka consumer',
  timestamp: '2025-11-29 20:53:55.635'
}
{
  service: 'email-microservice',
  version: '1.0.0',
  environment: 'development',
  host: 'smtp-relay.brevo.com',
  port: 587,
  secure: false,
  hasAuth: true,
  level: 'info',
  message: 'Email transporter initialized',
  timestamp: '2025-11-29 21:33:12.018'
}
{
  service: 'email-microservice',
  version: '1.0.0',
  environment: 'development',
  ttl: 3600000,
  cleanupInterval: 300000,
  implementation: 'in-memory',
  level: 'info',
  message: 'Idempotency store initialized',
  timestamp: '2025-11-29 21:33:12.073'
}
{
  message: 'Kafka consumer connected',
  level: 'info',
  service: 'email-microservice',
  version: '1.0.0',
  environment: 'development',
  timestamp: '2025-11-29 21:33:12.120'
}
{
  message: 'Kafka producer connected',
  level: 'info',
  service: 'email-microservice',
  version: '1.0.0',
  environment: 'development',
  timestamp: '2025-11-29 21:33:12.137'
}
{
  message: 'Kafka consumer started listening for messages',
  level: 'info',
  service: 'email-microservice',
  version: '1.0.0',
  environment: 'development',
  timestamp: '2025-11-29 21:33:17.115'
}
{
  service: 'email-microservice',
  version: '1.0.0',
  environment: 'development',
  host: 'smtp-relay.brevo.com',
  port: 587,
  secure: false,
  hasAuth: true,
  level: 'info',
  message: 'Email transporter initialized',
  timestamp: '2025-11-29 21:36:15.391'
}
{
  service: 'email-microservice',
  version: '1.0.0',
  environment: 'development',
  ttl: 3600000,
  cleanupInterval: 300000,
  implementation: 'in-memory',
  level: 'info',
  message: 'Idempotency store initialized',
  timestamp: '2025-11-29 21:36:15.458'
}
{
  message: 'Kafka consumer connected',
  level: 'info',
  service: 'email-microservice',
  version: '1.0.0',
  environment: 'development',
  timestamp: '2025-11-29 21:36:15.510'
}
{
  message: 'Kafka producer connected',
  level: 'info',
  service: 'email-microservice',
  version: '1.0.0',
  environment: 'development',
  timestamp: '2025-11-29 21:36:15.531'
}
{
  message: 'Kafka consumer started listening for messages',
  level: 'info',
  service: 'email-microservice',
  version: '1.0.0',
  environment: 'development',
  timestamp: '2025-11-29 21:36:18.552'
}
{
  service: 'email-microservice',
  version: '1.0.0',
  environment: 'development',
  host: 'smtp-relay.brevo.com',
  port: 587,
  secure: false,
  hasAuth: true,
  level: 'info',
  message: 'Email transporter initialized',
  timestamp: '2025-11-29 21:36:48.238'
}
{
  service: 'email-microservice',
  version: '1.0.0',
  environment: 'development',
  ttl: 3600000,
  cleanupInterval: 300000,
  implementation: 'in-memory',
  level: 'info',
  message: 'Idempotency store initialized',
  timestamp: '2025-11-29 21:36:48.290'
}
{
  message: 'Kafka consumer connected',
  level: 'info',
  service: 'email-microservice',
  version: '1.0.0',
  environment: 'development',
  timestamp: '2025-11-29 21:36:48.335'
}
{
  message: 'Kafka producer connected',
  level: 'info',
  service: 'email-microservice',
  version: '1.0.0',
  environment: 'development',
  timestamp: '2025-11-29 21:36:48.346'
}
{
  message: 'Kafka consumer started listening for messages',
  level: 'info',
  service: 'email-microservice',
  version: '1.0.0',
  environment: 'development',
  timestamp: '2025-11-29 21:36:48.561'
}
{
  service: 'email-microservice',
  version: '1.0.0',
  environment: 'development',
  host: 'smtp-relay.brevo.com',
  port: 587,
  secure: false,
  hasAuth: true,
  level: 'info',
  message: 'Email transporter initialized',
  timestamp: '2025-11-29 21:36:58.057'
}
{
  service: 'email-microservice',
  version: '1.0.0',
  environment: 'development',
  ttl: 3600000,
  cleanupInterval: 300000,
  implementation: 'in-memory',
  level: 'info',
  message: 'Idempotency store initialized',
  timestamp: '2025-11-29 21:36:58.110'
}
{
  message: 'Kafka consumer connected',
  level: 'info',
  service: 'email-microservice',
  version: '1.0.0',
  environment: 'development',
  timestamp: '2025-11-29 21:36:58.154'
}
{
  message: 'Kafka producer connected',
  level: 'info',
  service: 'email-microservice',
  version: '1.0.0',
  environment: 'development',
  timestamp: '2025-11-29 21:36:58.175'
}
{
  message: 'Kafka consumer started listening for messages',
  level: 'info',
  service: 'email-microservice',
  version: '1.0.0',
  environment: 'development',
  timestamp: '2025-11-29 21:37:18.570'
}
{
  service: 'email-microservice',
  version: '1.0.0',
  environment: 'development',
  host: 'smtp-relay.brevo.com',
  port: 587,
  secure: false,
  hasAuth: true,
  level: 'info',
  message: 'Email transporter initialized',
  timestamp: '2025-11-29 21:38:10.153'
}
{
  service: 'email-microservice',
  version: '1.0.0',
  environment: 'development',
  ttl: 3600000,
  cleanupInterval: 300000,
  implementation: 'in-memory',
  level: 'info',
  message: 'Idempotency store initialized',
  timestamp: '2025-11-29 21:38:10.209'
}
{
  message: 'Kafka consumer connected',
  level: 'info',
  service: 'email-microservice',
  version: '1.0.0',
  environment: 'development',
  timestamp: '2025-11-29 21:38:10.254'
}
{
  message: 'Kafka producer connected',
  level: 'info',
  service: 'email-microservice',
  version: '1.0.0',
  environment: 'development',
  timestamp: '2025-11-29 21:38:10.265'
}
{
  message: 'Kafka consumer started listening for messages',
  level: 'info',
  service: 'email-microservice',
  version: '1.0.0',
  environment: 'development',
  timestamp: '2025-11-29 21:38:13.290'
}
{
  message: 'Kafka consumer started successfully',
  level: 'info',
  service: 'email-microservice',
  version: '1.0.0',
  environment: 'development',
  timestamp: '2025-11-29 21:38:13.291'
}
{
  service: 'email-microservice',
  version: '1.0.0',
  environment: 'development',
  port: '3550',
  processId: 18516,
  level: 'info',
  message: 'Email microservice running on port 3550',
  timestamp: '2025-11-29 21:38:17.798'
}
{
  service: 'email-microservice',
  version: '1.0.0',
  environment: 'development',
  requestId: 'p9znu3jzw',
  method: 'GET',
  path: '/',
  userAgent: 'Mozilla/5.0 (Windows NT 10.0; Win64; x64) AppleWebKit/537.36 (KHTML, like Gecko) Chrome/142.0.0.0 Safari/537.36',
  ip: '::1',
  level: 'info',
  message: 'Incoming request',
  timestamp: '2025-11-29 21:39:28.698'
}
{
  service: 'email-microservice',
  version: '1.0.0',
  environment: 'development',
  requestId: 'p9znu3jzw',
  method: 'GET',
  path: '/',
  level: 'warn',
  message: 'Route not found',
  timestamp: '2025-11-29 21:39:28.700'
}
{
  service: 'email-microservice',
  version: '1.0.0',
  environment: 'development',
  requestId: 'p9znu3jzw',
  method: 'GET',
  path: '/',
  statusCode: 404,
  responseTime: 6,
  level: 'info',
  message: 'Request completed',
  timestamp: '2025-11-29 21:39:28.706'
}
{
  service: 'email-microservice',
  version: '1.0.0',
  environment: 'development',
  requestId: 'nz7s4j2nu',
  method: 'GET',
  path: '/favicon.ico',
  userAgent: 'Mozilla/5.0 (Windows NT 10.0; Win64; x64) AppleWebKit/537.36 (KHTML, like Gecko) Chrome/142.0.0.0 Safari/537.36',
  ip: '::1',
  level: 'info',
  message: 'Incoming request',
  timestamp: '2025-11-29 21:39:28.772'
}
{
  service: 'email-microservice',
  version: '1.0.0',
  environment: 'development',
  requestId: 'nz7s4j2nu',
  method: 'GET',
  path: '/favicon.ico',
  level: 'warn',
  message: 'Route not found',
  timestamp: '2025-11-29 21:39:28.774'
}
{
  service: 'email-microservice',
  version: '1.0.0',
  environment: 'development',
  requestId: 'nz7s4j2nu',
  method: 'GET',
  path: '/favicon.ico',
  statusCode: 404,
  responseTime: 2,
  level: 'info',
  message: 'Request completed',
  timestamp: '2025-11-29 21:39:28.776'
}
{
  service: 'email-microservice',
  version: '1.0.0',
  environment: 'development',
  requestId: 'rv70hs0wl',
  method: 'GET',
  path: '/helth',
  userAgent: 'Mozilla/5.0 (Windows NT 10.0; Win64; x64) AppleWebKit/537.36 (KHTML, like Gecko) Chrome/142.0.0.0 Safari/537.36',
  ip: '::1',
  level: 'info',
  message: 'Incoming request',
  timestamp: '2025-11-29 21:39:40.856'
}
{
  service: 'email-microservice',
  version: '1.0.0',
  environment: 'development',
  requestId: 'rv70hs0wl',
  method: 'GET',
  path: '/helth',
  level: 'warn',
  message: 'Route not found',
  timestamp: '2025-11-29 21:39:40.858'
}
{
  service: 'email-microservice',
  version: '1.0.0',
  environment: 'development',
  requestId: 'rv70hs0wl',
  method: 'GET',
  path: '/helth',
  statusCode: 404,
  responseTime: 2,
  level: 'info',
  message: 'Request completed',
  timestamp: '2025-11-29 21:39:40.860'
}
{
  service: 'email-microservice',
  version: '1.0.0',
  environment: 'development',
  requestId: 'uyow7gjku',
  method: 'GET',
  path: '/health',
  userAgent: 'Mozilla/5.0 (Windows NT 10.0; Win64; x64) AppleWebKit/537.36 (KHTML, like Gecko) Chrome/142.0.0.0 Safari/537.36',
  ip: '::1',
  level: 'info',
  message: 'Incoming request',
  timestamp: '2025-11-29 21:40:05.002'
}
{
  service: 'email-microservice',
  version: '1.0.0',
  environment: 'development',
  requestId: 'uyow7gjku',
  method: 'GET',
  path: '/health',
  statusCode: 200,
  responseTime: 1,
  level: 'info',
  message: 'Request completed',
  timestamp: '2025-11-29 21:40:05.005'
}
