{
  service: 'email-microservice',
  version: '1.0.0',
  environment: 'development',
  error: 'This server does not host this topic-partition',
  stack: 'KafkaJSProtocolError: This server does not host this topic-partition\n' +
    '    at createErrorFromCode (C:\\Users\\kisho\\WorkSpace\\Backend\\email-microservice\\node_modules\\kafkajs\\src\\protocol\\error.js:581:10)\n' +
    '    at Object.parse (C:\\Users\\kisho\\WorkSpace\\Backend\\email-microservice\\node_modules\\kafkajs\\src\\protocol\\requests\\metadata\\v0\\response.js:55:11)\n' +
    '    at Connection.send (C:\\Users\\kisho\\WorkSpace\\Backend\\email-microservice\\node_modules\\kafkajs\\src\\network\\connection.js:433:35)\n' +
    '    at process.processTicksAndRejections (node:internal/process/task_queues:105:5)\n' +
    '    at async [private:Broker:sendRequest] (C:\\Users\\kisho\\WorkSpace\\Backend\\email-microservice\\node_modules\\kafkajs\\src\\broker\\index.js:904:14)\n' +
    '    at async Broker.metadata (C:\\Users\\kisho\\WorkSpace\\Backend\\email-microservice\\node_modules\\kafkajs\\src\\broker\\index.js:177:12)\n' +
    '    at async C:\\Users\\kisho\\WorkSpace\\Backend\\email-microservice\\node_modules\\kafkajs\\src\\cluster\\brokerPool.js:158:25\n' +
    '    at async C:\\Users\\kisho\\WorkSpace\\Backend\\email-microservice\\node_modules\\kafkajs\\src\\cluster\\index.js:111:14\n' +
    '    at async Cluster.refreshMetadata (C:\\Users\\kisho\\WorkSpace\\Backend\\email-microservice\\node_modules\\kafkajs\\src\\cluster\\index.js:172:5)\n' +
    '    at async Cluster.addMultipleTargetTopics (C:\\Users\\kisho\\WorkSpace\\Backend\\email-microservice\\node_modules\\kafkajs\\src\\cluster\\index.js:230:11)',
  level: 'error',
  message: 'Failed to start Kafka consumer',
  timestamp: '2025-11-29 20:53:55.635'
}
{
  service: 'email-microservice',
  version: '1.0.0',
  environment: 'development',
  error: 'listen EADDRINUSE: address already in use :::3000',
  stack: 'Error: listen EADDRINUSE: address already in use :::3000\n' +
    '    at Server.setupListenHandle [as _listen2] (node:net:1940:16)\n' +
    '    at listenInCluster (node:net:1997:12)\n' +
    '    at Server.listen (node:net:2102:7)\n' +
    '    at Function.listen (C:\\Users\\kisho\\WorkSpace\\Backend\\email-microservice\\node_modules\\express\\lib\\application.js:635:24)\n' +
    '    at startServer (C:\\Users\\kisho\\WorkSpace\\Backend\\email-microservice\\index.js:27:24)\n' +
    '    at process.processTicksAndRejections (node:internal/process/task_queues:105:5)',
  level: 'error',
  message: 'Uncaught Exception',
  timestamp: '2025-11-29 21:33:17.124'
}
{
  service: 'email-microservice',
  version: '1.0.0',
  environment: 'development',
  error: 'listen EACCES: permission denied 0.0.0.0:3502',
  stack: 'Error: listen EACCES: permission denied 0.0.0.0:3502\n' +
    '    at Server.setupListenHandle [as _listen2] (node:net:1918:21)\n' +
    '    at listenInCluster (node:net:1997:12)\n' +
    '    at Server.listen (node:net:2102:7)\n' +
    '    at Function.listen (C:\\Users\\kisho\\WorkSpace\\Backend\\email-microservice\\node_modules\\express\\lib\\application.js:635:24)\n' +
    '    at startServer (C:\\Users\\kisho\\WorkSpace\\Backend\\email-microservice\\index.js:27:24)\n' +
    '    at process.processTicksAndRejections (node:internal/process/task_queues:105:5)',
  level: 'error',
  message: 'Uncaught Exception',
  timestamp: '2025-11-29 21:36:18.561'
}
{
  service: 'email-microservice',
  version: '1.0.0',
  environment: 'development',
  error: 'listen EACCES: permission denied 0.0.0.0:3502',
  stack: 'Error: listen EACCES: permission denied 0.0.0.0:3502\n' +
    '    at Server.setupListenHandle [as _listen2] (node:net:1918:21)\n' +
    '    at listenInCluster (node:net:1997:12)\n' +
    '    at Server.listen (node:net:2102:7)\n' +
    '    at Function.listen (C:\\Users\\kisho\\WorkSpace\\Backend\\email-microservice\\node_modules\\express\\lib\\application.js:635:24)\n' +
    '    at startServer (C:\\Users\\kisho\\WorkSpace\\Backend\\email-microservice\\index.js:27:24)\n' +
    '    at process.processTicksAndRejections (node:internal/process/task_queues:105:5)',
  level: 'error',
  message: 'Uncaught Exception',
  timestamp: '2025-11-29 21:36:48.569'
}
{
  service: 'email-microservice',
  version: '1.0.0',
  environment: 'development',
  error: 'listen EACCES: permission denied 0.0.0.0:3502',
  stack: 'Error: listen EACCES: permission denied 0.0.0.0:3502\n' +
    '    at Server.setupListenHandle [as _listen2] (node:net:1918:21)\n' +
    '    at listenInCluster (node:net:1997:12)\n' +
    '    at Server.listen (node:net:2102:7)\n' +
    '    at Function.listen (C:\\Users\\kisho\\WorkSpace\\Backend\\email-microservice\\node_modules\\express\\lib\\application.js:635:24)\n' +
    '    at startServer (C:\\Users\\kisho\\WorkSpace\\Backend\\email-microservice\\index.js:27:24)\n' +
    '    at process.processTicksAndRejections (node:internal/process/task_queues:105:5)',
  level: 'error',
  message: 'Uncaught Exception',
  timestamp: '2025-11-29 21:37:31.605'
}
