{
  error: ReferenceError: options is not defined
      at EmailService.initializeTransporter (C:\Users\kisho\WorkSpace\Backend\email-microservice\src\services\emailService.js:29:20)
      at new EmailService (C:\Users\kisho\WorkSpace\Backend\email-microservice\src\services\emailService.js:10:10)
      at Object.<anonymous> (C:\Users\kisho\WorkSpace\Backend\email-microservice\src\services\emailService.js:292:22)
      at Module._compile (node:internal/modules/cjs/loader:1706:14)
      at Object..js (node:internal/modules/cjs/loader:1839:10)
      at Module.load (node:internal/modules/cjs/loader:1441:32)
      at Function._load (node:internal/modules/cjs/loader:1263:12)
      at TracingChannel.traceSync (node:diagnostics_channel:322:14)
      at wrapModuleLoad (node:internal/modules/cjs/loader:237:24)
      at Module.require (node:internal/modules/cjs/loader:1463:12),
  level: 'error',
  message: 'uncaughtException: options is not defined\n' +
    'ReferenceError: options is not defined\n' +
    '    at EmailService.initializeTransporter (C:\\Users\\kisho\\WorkSpace\\Backend\\email-microservice\\src\\services\\emailService.js:29:20)\n' +
    '    at new EmailService (C:\\Users\\kisho\\WorkSpace\\Backend\\email-microservice\\src\\services\\emailService.js:10:10)\n' +
    '    at Object.<anonymous> (C:\\Users\\kisho\\WorkSpace\\Backend\\email-microservice\\src\\services\\emailService.js:292:22)\n' +
    '    at Module._compile (node:internal/modules/cjs/loader:1706:14)\n' +
    '    at Object..js (node:internal/modules/cjs/loader:1839:10)\n' +
    '    at Module.load (node:internal/modules/cjs/loader:1441:32)\n' +
    '    at Function._load (node:internal/modules/cjs/loader:1263:12)\n' +
    '    at TracingChannel.traceSync (node:diagnostics_channel:322:14)\n' +
    '    at wrapModuleLoad (node:internal/modules/cjs/loader:237:24)\n' +
    '    at Module.require (node:internal/modules/cjs/loader:1463:12)',
  stack: 'ReferenceError: options is not defined\n' +
    '    at EmailService.initializeTransporter (C:\\Users\\kisho\\WorkSpace\\Backend\\email-microservice\\src\\services\\emailService.js:29:20)\n' +
    '    at new EmailService (C:\\Users\\kisho\\WorkSpace\\Backend\\email-microservice\\src\\services\\emailService.js:10:10)\n' +
    '    at Object.<anonymous> (C:\\Users\\kisho\\WorkSpace\\Backend\\email-microservice\\src\\services\\emailService.js:292:22)\n' +
    '    at Module._compile (node:internal/modules/cjs/loader:1706:14)\n' +
    '    at Object..js (node:internal/modules/cjs/loader:1839:10)\n' +
    '    at Module.load (node:internal/modules/cjs/loader:1441:32)\n' +
    '    at Function._load (node:internal/modules/cjs/loader:1263:12)\n' +
    '    at TracingChannel.traceSync (node:diagnostics_channel:322:14)\n' +
    '    at wrapModuleLoad (node:internal/modules/cjs/loader:237:24)\n' +
    '    at Module.require (node:internal/modules/cjs/loader:1463:12)',
  exception: true,
  date: 'Sat Nov 29 2025 23:28:22 GMT+0530 (India Standard Time)',
  process: {
    pid: 23576,
    uid: null,
    gid: null,
    cwd: 'C:\\Users\\kisho\\WorkSpace\\Backend\\email-microservice',
    execPath: 'C:\\Program Files\\nodejs\\node.exe',
    version: 'v22.20.0',
    argv: [
      'C:\\Program Files\\nodejs\\node.exe',
      'C:\\Users\\kisho\\WorkSpace\\Backend\\email-microservice\\index.js'
    ],
    memoryUsage: {
      rss: 69947392,
      heapTotal: 23175168,
      heapUsed: 15565808,
      external: 2573375,
      arrayBuffers: 18879
    }
  },
  os: { loadavg: [ 0, 0, 0 ], uptime: 21592.171 },
  trace: [
    {
      column: 20,
      file: 'C:\\Users\\kisho\\WorkSpace\\Backend\\email-microservice\\src\\services\\emailService.js',
      function: 'EmailService.initializeTransporter',
      line: 29,
      method: 'initializeTransporter',
      native: false
    },
    {
      column: 10,
      file: 'C:\\Users\\kisho\\WorkSpace\\Backend\\email-microservice\\src\\services\\emailService.js',
      function: 'new EmailService',
      line: 10,
      method: null,
      native: false
    },
    {
      column: 22,
      file: 'C:\\Users\\kisho\\WorkSpace\\Backend\\email-microservice\\src\\services\\emailService.js',
      function: null,
      line: 292,
      method: null,
      native: false
    },
    {
      column: 14,
      file: 'node:internal/modules/cjs/loader',
      function: 'Module._compile',
      line: 1706,
      method: '_compile',
      native: false
    },
    {
      column: 10,
      file: 'node:internal/modules/cjs/loader',
      function: 'Object..js',
      line: 1839,
      method: '.js',
      native: false
    },
    {
      column: 32,
      file: 'node:internal/modules/cjs/loader',
      function: 'Module.load',
      line: 1441,
      method: 'load',
      native: false
    },
    {
      column: 12,
      file: 'node:internal/modules/cjs/loader',
      function: 'Function._load',
      line: 1263,
      method: '_load',
      native: false
    },
    {
      column: 14,
      file: 'node:diagnostics_channel',
      function: 'TracingChannel.traceSync',
      line: 322,
      method: 'traceSync',
      native: false
    },
    {
      column: 24,
      file: 'node:internal/modules/cjs/loader',
      function: 'wrapModuleLoad',
      line: 237,
      method: null,
      native: false
    },
    {
      column: 12,
      file: 'node:internal/modules/cjs/loader',
      function: 'Module.require',
      line: 1463,
      method: 'require',
      native: false
    }
  ],
  service: 'email-microservice',
  version: '1.0.0',
  environment: 'development',
  timestamp: '2025-11-29 23:28:22.523'
}
