{
  error: KafkaJSNonRetriableError
    Caused by: KafkaJSConnectionError: Connection error: 
      at Socket.onError (C:\Users\kisho\WorkSpace\Backend\email-microservice\node_modules\kafkajs\src\network\connection.js:210:23)
      ... 3 lines matching cause stack trace ...
      at process.processTicksAndRejections (node:internal/process/task_queues:90:21) {
    name: 'KafkaJSNumberOfRetriesExceeded',
    retriable: false,
    helpUrl: undefined,
    retryCount: 5,
    retryTime: 5234,
    [cause]: KafkaJSConnectionError: Connection error: 
        at Socket.onError (C:\Users\kisho\WorkSpace\Backend\email-microservice\node_modules\kafkajs\src\network\connection.js:210:23)
        at Socket.emit (node:events:519:28)
        at emitErrorNT (node:internal/streams/destroy:170:8)
        at emitErrorCloseNT (node:internal/streams/destroy:129:3)
        at process.processTicksAndRejections (node:internal/process/task_queues:90:21) {
      retriable: true,
      helpUrl: undefined,
      broker: 'localhost:9092',
      code: 'ECONNREFUSED',
      [cause]: undefined
    }
  },
  level: 'error',
  message: 'unhandledRejection: Connection error: \n' +
    'KafkaJSNonRetriableError\n' +
    '  Caused by: KafkaJSConnectionError: Connection error: \n' +
    '    at Socket.onError (C:\\Users\\kisho\\WorkSpace\\Backend\\email-microservice\\node_modules\\kafkajs\\src\\network\\connection.js:210:23)\n' +
    '    at Socket.emit (node:events:519:28)\n' +
    '    at emitErrorNT (node:internal/streams/destroy:170:8)\n' +
    '    at emitErrorCloseNT (node:internal/streams/destroy:129:3)\n' +
    '    at process.processTicksAndRejections (node:internal/process/task_queues:90:21)',
  stack: 'KafkaJSNonRetriableError\n' +
    '  Caused by: KafkaJSConnectionError: Connection error: \n' +
    '    at Socket.onError (C:\\Users\\kisho\\WorkSpace\\Backend\\email-microservice\\node_modules\\kafkajs\\src\\network\\connection.js:210:23)\n' +
    '    at Socket.emit (node:events:519:28)\n' +
    '    at emitErrorNT (node:internal/streams/destroy:170:8)\n' +
    '    at emitErrorCloseNT (node:internal/streams/destroy:129:3)\n' +
    '    at process.processTicksAndRejections (node:internal/process/task_queues:90:21)',
  rejection: true,
  date: 'Mon Dec 01 2025 16:00:15 GMT+0530 (India Standard Time)',
  process: {
    pid: 15148,
    uid: null,
    gid: null,
    cwd: 'C:\\Users\\kisho\\WorkSpace\\Backend\\email-microservice',
    execPath: 'C:\\Program Files\\nodejs\\node.exe',
    version: 'v22.20.0',
    argv: [
      'C:\\Program Files\\nodejs\\node.exe',
      'C:\\Users\\kisho\\WorkSpace\\Backend\\email-microservice\\index.js'
    ],
    memoryUsage: {
      rss: 76156928,
      heapTotal: 36909056,
      heapUsed: 18859808,
      external: 2595937,
      arrayBuffers: 18831
    }
  },
  os: { loadavg: [ 0, 0, 0 ], uptime: 370.687 },
  trace: [
    {
      column: 23,
      file: 'C:\\Users\\kisho\\WorkSpace\\Backend\\email-microservice\\node_modules\\kafkajs\\src\\network\\connection.js',
      function: 'Socket.onError',
      line: 210,
      method: 'onError',
      native: false
    },
    {
      column: 28,
      file: 'node:events',
      function: 'Socket.emit',
      line: 519,
      method: 'emit',
      native: false
    },
    {
      column: 8,
      file: 'node:internal/streams/destroy',
      function: 'emitErrorNT',
      line: 170,
      method: null,
      native: false
    },
    {
      column: 3,
      file: 'node:internal/streams/destroy',
      function: 'emitErrorCloseNT',
      line: 129,
      method: null,
      native: false
    },
    {
      column: 21,
      file: 'node:internal/process/task_queues',
      function: 'process.processTicksAndRejections',
      line: 90,
      method: 'processTicksAndRejections',
      native: false
    }
  ],
  service: 'email-microservice',
  version: '1.0.0',
  environment: 'development',
  timestamp: '2025-12-01 16:00:15.029'
}
{
  error: KafkaJSNonRetriableError
    Caused by: KafkaJSConnectionError: Connection error: 
      at Socket.onError (C:\Users\kisho\WorkSpace\Backend\email-microservice\node_modules\kafkajs\src\network\connection.js:210:23)
      ... 3 lines matching cause stack trace ...
      at process.processTicksAndRejections (node:internal/process/task_queues:90:21) {
    name: 'KafkaJSNumberOfRetriesExceeded',
    retriable: false,
    helpUrl: undefined,
    retryCount: 5,
    retryTime: 6088,
    [cause]: KafkaJSConnectionError: Connection error: 
        at Socket.onError (C:\Users\kisho\WorkSpace\Backend\email-microservice\node_modules\kafkajs\src\network\connection.js:210:23)
        at Socket.emit (node:events:519:28)
        at emitErrorNT (node:internal/streams/destroy:170:8)
        at emitErrorCloseNT (node:internal/streams/destroy:129:3)
        at process.processTicksAndRejections (node:internal/process/task_queues:90:21) {
      retriable: true,
      helpUrl: undefined,
      broker: 'localhost:9092',
      code: 'ECONNREFUSED',
      [cause]: undefined
    }
  },
  level: 'error',
  message: 'unhandledRejection: Connection error: \n' +
    'KafkaJSNonRetriableError\n' +
    '  Caused by: KafkaJSConnectionError: Connection error: \n' +
    '    at Socket.onError (C:\\Users\\kisho\\WorkSpace\\Backend\\email-microservice\\node_modules\\kafkajs\\src\\network\\connection.js:210:23)\n' +
    '    at Socket.emit (node:events:519:28)\n' +
    '    at emitErrorNT (node:internal/streams/destroy:170:8)\n' +
    '    at emitErrorCloseNT (node:internal/streams/destroy:129:3)\n' +
    '    at process.processTicksAndRejections (node:internal/process/task_queues:90:21)',
  stack: 'KafkaJSNonRetriableError\n' +
    '  Caused by: KafkaJSConnectionError: Connection error: \n' +
    '    at Socket.onError (C:\\Users\\kisho\\WorkSpace\\Backend\\email-microservice\\node_modules\\kafkajs\\src\\network\\connection.js:210:23)\n' +
    '    at Socket.emit (node:events:519:28)\n' +
    '    at emitErrorNT (node:internal/streams/destroy:170:8)\n' +
    '    at emitErrorCloseNT (node:internal/streams/destroy:129:3)\n' +
    '    at process.processTicksAndRejections (node:internal/process/task_queues:90:21)',
  rejection: true,
  date: 'Mon Dec 01 2025 16:00:56 GMT+0530 (India Standard Time)',
  process: {
    pid: 16496,
    uid: null,
    gid: null,
    cwd: 'C:\\Users\\kisho\\WorkSpace\\Backend\\email-microservice',
    execPath: 'C:\\Program Files\\nodejs\\node.exe',
    version: 'v22.20.0',
    argv: [
      'C:\\Program Files\\nodejs\\node.exe',
      'C:\\Users\\kisho\\WorkSpace\\Backend\\email-microservice\\index.js'
    ],
    memoryUsage: {
      rss: 66297856,
      heapTotal: 19922944,
      heapUsed: 16952368,
      external: 2612770,
      arrayBuffers: 18831
    }
  },
  os: { loadavg: [ 0, 0, 0 ], uptime: 412.015 },
  trace: [
    {
      column: 23,
      file: 'C:\\Users\\kisho\\WorkSpace\\Backend\\email-microservice\\node_modules\\kafkajs\\src\\network\\connection.js',
      function: 'Socket.onError',
      line: 210,
      method: 'onError',
      native: false
    },
    {
      column: 28,
      file: 'node:events',
      function: 'Socket.emit',
      line: 519,
      method: 'emit',
      native: false
    },
    {
      column: 8,
      file: 'node:internal/streams/destroy',
      function: 'emitErrorNT',
      line: 170,
      method: null,
      native: false
    },
    {
      column: 3,
      file: 'node:internal/streams/destroy',
      function: 'emitErrorCloseNT',
      line: 129,
      method: null,
      native: false
    },
    {
      column: 21,
      file: 'node:internal/process/task_queues',
      function: 'process.processTicksAndRejections',
      line: 90,
      method: 'processTicksAndRejections',
      native: false
    }
  ],
  service: 'email-microservice',
  version: '1.0.0',
  environment: 'development',
  timestamp: '2025-12-01 16:00:56.362'
}
{
  error: KafkaJSNonRetriableError
    Caused by: KafkaJSConnectionError: Connection error: 
      at Socket.onError (C:\Users\kisho\WorkSpace\Backend\email-microservice\node_modules\kafkajs\src\network\connection.js:210:23)
      ... 3 lines matching cause stack trace ...
      at process.processTicksAndRejections (node:internal/process/task_queues:90:21) {
    name: 'KafkaJSNumberOfRetriesExceeded',
    retriable: false,
    helpUrl: undefined,
    retryCount: 5,
    retryTime: 9658,
    [cause]: KafkaJSConnectionError: Connection error: 
        at Socket.onError (C:\Users\kisho\WorkSpace\Backend\email-microservice\node_modules\kafkajs\src\network\connection.js:210:23)
        at Socket.emit (node:events:519:28)
        at emitErrorNT (node:internal/streams/destroy:170:8)
        at emitErrorCloseNT (node:internal/streams/destroy:129:3)
        at process.processTicksAndRejections (node:internal/process/task_queues:90:21) {
      retriable: true,
      helpUrl: undefined,
      broker: 'localhost:9092',
      code: 'ECONNREFUSED',
      [cause]: undefined
    }
  },
  level: 'error',
  message: 'unhandledRejection: Connection error: \n' +
    'KafkaJSNonRetriableError\n' +
    '  Caused by: KafkaJSConnectionError: Connection error: \n' +
    '    at Socket.onError (C:\\Users\\kisho\\WorkSpace\\Backend\\email-microservice\\node_modules\\kafkajs\\src\\network\\connection.js:210:23)\n' +
    '    at Socket.emit (node:events:519:28)\n' +
    '    at emitErrorNT (node:internal/streams/destroy:170:8)\n' +
    '    at emitErrorCloseNT (node:internal/streams/destroy:129:3)\n' +
    '    at process.processTicksAndRejections (node:internal/process/task_queues:90:21)',
  stack: 'KafkaJSNonRetriableError\n' +
    '  Caused by: KafkaJSConnectionError: Connection error: \n' +
    '    at Socket.onError (C:\\Users\\kisho\\WorkSpace\\Backend\\email-microservice\\node_modules\\kafkajs\\src\\network\\connection.js:210:23)\n' +
    '    at Socket.emit (node:events:519:28)\n' +
    '    at emitErrorNT (node:internal/streams/destroy:170:8)\n' +
    '    at emitErrorCloseNT (node:internal/streams/destroy:129:3)\n' +
    '    at process.processTicksAndRejections (node:internal/process/task_queues:90:21)',
  rejection: true,
  date: 'Mon Dec 01 2025 16:02:09 GMT+0530 (India Standard Time)',
  process: {
    pid: 15176,
    uid: null,
    gid: null,
    cwd: 'C:\\Users\\kisho\\WorkSpace\\Backend\\email-microservice',
    execPath: 'C:\\Program Files\\nodejs\\node.exe',
    version: 'v22.20.0',
    argv: [
      'C:\\Program Files\\nodejs\\node.exe',
      'C:\\Users\\kisho\\WorkSpace\\Backend\\email-microservice\\index.js'
    ],
    memoryUsage: {
      rss: 65495040,
      heapTotal: 19398656,
      heapUsed: 16961656,
      external: 2609961,
      arrayBuffers: 18831
    }
  },
  os: { loadavg: [ 0, 0, 0 ], uptime: 484.796 },
  trace: [
    {
      column: 23,
      file: 'C:\\Users\\kisho\\WorkSpace\\Backend\\email-microservice\\node_modules\\kafkajs\\src\\network\\connection.js',
      function: 'Socket.onError',
      line: 210,
      method: 'onError',
      native: false
    },
    {
      column: 28,
      file: 'node:events',
      function: 'Socket.emit',
      line: 519,
      method: 'emit',
      native: false
    },
    {
      column: 8,
      file: 'node:internal/streams/destroy',
      function: 'emitErrorNT',
      line: 170,
      method: null,
      native: false
    },
    {
      column: 3,
      file: 'node:internal/streams/destroy',
      function: 'emitErrorCloseNT',
      line: 129,
      method: null,
      native: false
    },
    {
      column: 21,
      file: 'node:internal/process/task_queues',
      function: 'process.processTicksAndRejections',
      line: 90,
      method: 'processTicksAndRejections',
      native: false
    }
  ],
  service: 'email-microservice',
  version: '1.0.0',
  environment: 'development',
  timestamp: '2025-12-01 16:02:09.150'
}
{
  error: KafkaJSNonRetriableError
    Caused by: KafkaJSConnectionError: Connection error: 
      at Socket.onError (C:\Users\kisho\WorkSpace\Backend\email-microservice\node_modules\kafkajs\src\network\connection.js:210:23)
      ... 3 lines matching cause stack trace ...
      at process.processTicksAndRejections (node:internal/process/task_queues:90:21) {
    name: 'KafkaJSNumberOfRetriesExceeded',
    retriable: false,
    helpUrl: undefined,
    retryCount: 5,
    retryTime: 10678,
    [cause]: KafkaJSConnectionError: Connection error: 
        at Socket.onError (C:\Users\kisho\WorkSpace\Backend\email-microservice\node_modules\kafkajs\src\network\connection.js:210:23)
        at Socket.emit (node:events:519:28)
        at emitErrorNT (node:internal/streams/destroy:170:8)
        at emitErrorCloseNT (node:internal/streams/destroy:129:3)
        at process.processTicksAndRejections (node:internal/process/task_queues:90:21) {
      retriable: true,
      helpUrl: undefined,
      broker: 'localhost:9092',
      code: 'ECONNREFUSED',
      [cause]: undefined
    }
  },
  level: 'error',
  message: 'unhandledRejection: Connection error: \n' +
    'KafkaJSNonRetriableError\n' +
    '  Caused by: KafkaJSConnectionError: Connection error: \n' +
    '    at Socket.onError (C:\\Users\\kisho\\WorkSpace\\Backend\\email-microservice\\node_modules\\kafkajs\\src\\network\\connection.js:210:23)\n' +
    '    at Socket.emit (node:events:519:28)\n' +
    '    at emitErrorNT (node:internal/streams/destroy:170:8)\n' +
    '    at emitErrorCloseNT (node:internal/streams/destroy:129:3)\n' +
    '    at process.processTicksAndRejections (node:internal/process/task_queues:90:21)',
  stack: 'KafkaJSNonRetriableError\n' +
    '  Caused by: KafkaJSConnectionError: Connection error: \n' +
    '    at Socket.onError (C:\\Users\\kisho\\WorkSpace\\Backend\\email-microservice\\node_modules\\kafkajs\\src\\network\\connection.js:210:23)\n' +
    '    at Socket.emit (node:events:519:28)\n' +
    '    at emitErrorNT (node:internal/streams/destroy:170:8)\n' +
    '    at emitErrorCloseNT (node:internal/streams/destroy:129:3)\n' +
    '    at process.processTicksAndRejections (node:internal/process/task_queues:90:21)',
  rejection: true,
  date: 'Mon Dec 01 2025 16:02:28 GMT+0530 (India Standard Time)',
  process: {
    pid: 1956,
    uid: null,
    gid: null,
    cwd: 'C:\\Users\\kisho\\WorkSpace\\Backend\\email-microservice',
    execPath: 'C:\\Program Files\\nodejs\\node.exe',
    version: 'v22.20.0',
    argv: [
      'C:\\Program Files\\nodejs\\node.exe',
      'C:\\Users\\kisho\\WorkSpace\\Backend\\email-microservice\\index.js'
    ],
    memoryUsage: {
      rss: 65093632,
      heapTotal: 18874368,
      heapUsed: 16921920,
      external: 2609961,
      arrayBuffers: 18831
    }
  },
  os: { loadavg: [ 0, 0, 0 ], uptime: 504.093 },
  trace: [
    {
      column: 23,
      file: 'C:\\Users\\kisho\\WorkSpace\\Backend\\email-microservice\\node_modules\\kafkajs\\src\\network\\connection.js',
      function: 'Socket.onError',
      line: 210,
      method: 'onError',
      native: false
    },
    {
      column: 28,
      file: 'node:events',
      function: 'Socket.emit',
      line: 519,
      method: 'emit',
      native: false
    },
    {
      column: 8,
      file: 'node:internal/streams/destroy',
      function: 'emitErrorNT',
      line: 170,
      method: null,
      native: false
    },
    {
      column: 3,
      file: 'node:internal/streams/destroy',
      function: 'emitErrorCloseNT',
      line: 129,
      method: null,
      native: false
    },
    {
      column: 21,
      file: 'node:internal/process/task_queues',
      function: 'process.processTicksAndRejections',
      line: 90,
      method: 'processTicksAndRejections',
      native: false
    }
  ],
  service: 'email-microservice',
  version: '1.0.0',
  environment: 'development',
  timestamp: '2025-12-01 16:02:28.430'
}
{
  error: KafkaJSNonRetriableError
    Caused by: KafkaJSConnectionError: Connection error: 
      at Socket.onError (C:\Users\kisho\WorkSpace\Backend\email-microservice\node_modules\kafkajs\src\network\connection.js:210:23)
      ... 3 lines matching cause stack trace ...
      at process.processTicksAndRejections (node:internal/process/task_queues:90:21) {
    name: 'KafkaJSNumberOfRetriesExceeded',
    retriable: false,
    helpUrl: undefined,
    retryCount: 5,
    retryTime: 16616,
    [cause]: KafkaJSConnectionError: Connection error: 
        at Socket.onError (C:\Users\kisho\WorkSpace\Backend\email-microservice\node_modules\kafkajs\src\network\connection.js:210:23)
        at Socket.emit (node:events:519:28)
        at emitErrorNT (node:internal/streams/destroy:170:8)
        at emitErrorCloseNT (node:internal/streams/destroy:129:3)
        at process.processTicksAndRejections (node:internal/process/task_queues:90:21) {
      retriable: true,
      helpUrl: undefined,
      broker: 'localhost:9092',
      code: 'ECONNREFUSED',
      [cause]: undefined
    }
  },
  level: 'error',
  message: 'unhandledRejection: Connection error: \n' +
    'KafkaJSNonRetriableError\n' +
    '  Caused by: KafkaJSConnectionError: Connection error: \n' +
    '    at Socket.onError (C:\\Users\\kisho\\WorkSpace\\Backend\\email-microservice\\node_modules\\kafkajs\\src\\network\\connection.js:210:23)\n' +
    '    at Socket.emit (node:events:519:28)\n' +
    '    at emitErrorNT (node:internal/streams/destroy:170:8)\n' +
    '    at emitErrorCloseNT (node:internal/streams/destroy:129:3)\n' +
    '    at process.processTicksAndRejections (node:internal/process/task_queues:90:21)',
  stack: 'KafkaJSNonRetriableError\n' +
    '  Caused by: KafkaJSConnectionError: Connection error: \n' +
    '    at Socket.onError (C:\\Users\\kisho\\WorkSpace\\Backend\\email-microservice\\node_modules\\kafkajs\\src\\network\\connection.js:210:23)\n' +
    '    at Socket.emit (node:events:519:28)\n' +
    '    at emitErrorNT (node:internal/streams/destroy:170:8)\n' +
    '    at emitErrorCloseNT (node:internal/streams/destroy:129:3)\n' +
    '    at process.processTicksAndRejections (node:internal/process/task_queues:90:21)',
  rejection: true,
  date: 'Mon Dec 01 2025 16:03:57 GMT+0530 (India Standard Time)',
  process: {
    pid: 10780,
    uid: null,
    gid: null,
    cwd: 'C:\\Users\\kisho\\WorkSpace\\Backend\\email-microservice',
    execPath: 'C:\\Program Files\\nodejs\\node.exe',
    version: 'v22.20.0',
    argv: [
      'C:\\Program Files\\nodejs\\node.exe',
      'C:\\Users\\kisho\\WorkSpace\\Backend\\email-microservice\\index.js'
    ],
    memoryUsage: {
      rss: 64999424,
      heapTotal: 18874368,
      heapUsed: 16935864,
      external: 2609961,
      arrayBuffers: 18831
    }
  },
  os: { loadavg: [ 0, 0, 0 ], uptime: 592.921 },
  trace: [
    {
      column: 23,
      file: 'C:\\Users\\kisho\\WorkSpace\\Backend\\email-microservice\\node_modules\\kafkajs\\src\\network\\connection.js',
      function: 'Socket.onError',
      line: 210,
      method: 'onError',
      native: false
    },
    {
      column: 28,
      file: 'node:events',
      function: 'Socket.emit',
      line: 519,
      method: 'emit',
      native: false
    },
    {
      column: 8,
      file: 'node:internal/streams/destroy',
      function: 'emitErrorNT',
      line: 170,
      method: null,
      native: false
    },
    {
      column: 3,
      file: 'node:internal/streams/destroy',
      function: 'emitErrorCloseNT',
      line: 129,
      method: null,
      native: false
    },
    {
      column: 21,
      file: 'node:internal/process/task_queues',
      function: 'process.processTicksAndRejections',
      line: 90,
      method: 'processTicksAndRejections',
      native: false
    }
  ],
  service: 'email-microservice',
  version: '1.0.0',
  environment: 'development',
  timestamp: '2025-12-01 16:03:57.276'
}
